[debug] [2022-08-08T20:03:18.884Z] ----------------------------------------------------------------------
[debug] [2022-08-08T20:03:18.886Z] Command:       C:\Program Files\nodejs\node.exe C:\Users\Jaewon\AppData\Roaming\npm\node_modules\firebase-tools\lib\bin\firebase.js init
[debug] [2022-08-08T20:03:18.886Z] CLI Version:   11.2.0
[debug] [2022-08-08T20:03:18.886Z] Platform:      win32
[debug] [2022-08-08T20:03:18.886Z] Node Version:  v16.15.1
[debug] [2022-08-08T20:03:18.888Z] Time:          Tue Aug 09 2022 05:03:18 GMT+0900 (대한민국 표준시)
[debug] [2022-08-08T20:03:18.888Z] ----------------------------------------------------------------------
[debug] 
[debug] [2022-08-08T20:03:18.891Z] >>> [apiv2][query] GET https://firebase-public.firebaseio.com/cli.json [none]
[debug] [2022-08-08T20:03:18.907Z] > command requires scopes: ["email","openid","https://www.googleapis.com/auth/cloudplatformprojects.readonly","https://www.googleapis.com/auth/firebase","https://www.googleapis.com/auth/cloud-platform"]
[debug] [2022-08-08T20:03:18.907Z] > authorizing via signed-in user (johnyim12345678@gmail.com)
[info] 
     ######## #### ########  ######## ########     ###     ######  ########
     ##        ##  ##     ## ##       ##     ##  ##   ##  ##       ##
     ######    ##  ########  ######   ########  #########  ######  ######
     ##        ##  ##    ##  ##       ##     ## ##     ##       ## ##
     ##       #### ##     ## ######## ########  ##     ##  ######  ########

You're about to initialize a Firebase project in this directory:

  C:\dev\global_stock_loan_website

Before we get started, keep in mind:

  * You are currently outside your home directory

[debug] [2022-08-08T20:03:19.316Z] <<< [apiv2][status] GET https://firebase-public.firebaseio.com/cli.json 200
[debug] [2022-08-08T20:03:19.316Z] <<< [apiv2][body] GET https://firebase-public.firebaseio.com/cli.json {"cloudBuildErrorAfter":1594252800000,"cloudBuildWarnAfter":1590019200000,"defaultNode10After":1594252800000,"minVersion":"3.0.5","node8DeploysDisabledAfter":1613390400000,"node8RuntimeDisabledAfter":1615809600000,"node8WarnAfter":1600128000000}
[info] 
=== Project Setup
[info] 
[info] First, let's associate this project directory with a Firebase project.
[info] You can create multiple project aliases by running firebase use --add, 
[info] but for now we'll just set up a default project.
[info] 
